<html>
<head>
<title>TestNG:  Surefire test</title>
<link href="../testng.css" rel="stylesheet" type="text/css" />
<link href="../my-testng.css" rel="stylesheet" type="text/css" />

<style type="text/css">
.log { display: none;} 
.stack-trace { display: none;} 
</style>
<script type="text/javascript">
<!--
function flip(e) {
  current = e.style.display;
  if (current == 'block') {
    e.style.display = 'none';
    return 0;
  }
  else {
    e.style.display = 'block';
    return 1;
  }
}

function toggleBox(szDivId, elem, msg1, msg2)
{
  var res = -1;  if (document.getElementById) {
    res = flip(document.getElementById(szDivId));
  }
  else if (document.all) {
    // this is the way old msie versions work
    res = flip(document.all[szDivId]);
  }
  if(elem) {
    if(res == 0) elem.innerHTML = msg1; else elem.innerHTML = msg2;
  }

}

function toggleAllBoxes() {
  if (document.getElementsByTagName) {
    d = document.getElementsByTagName('div');
    for (i = 0; i < d.length; i++) {
      if (d[i].className == 'log') {
        flip(d[i]);
      }
    }
  }
}

// -->
</script>

</head>
<body>
<h2 align='center'>Surefire test</h2><table border='1' align="center">
<tr>
<td>Tests passed/Failed/Skipped:</td><td>11/5/0</td>
</tr><tr>
<td>Started on:</td><td>Sun Dec 04 23:49:54 EET 2022</td>
</tr>
<tr><td>Total time:</td><td>514 seconds (514733 ms)</td>
</tr><tr>
<td>Included groups:</td><td></td>
</tr><tr>
<td>Excluded groups:</td><td></td>
</tr>
</table><p/>
<small><i>(Hover the method name to see the test class name)</i></small><p/>
<table width='100%' border='1' class='invocation-failed'>
<tr><td colspan='4' align='center'><b>FAILED TESTS</b></td></tr>
<tr><td><b>Test method</b></td>
<td width="30%"><b>Exception</b></td>
<td width="10%"><b>Time (seconds)</b></td>
<td><b>Instance</b></td>
</tr>
<tr>
<td title='org.example.testRunner.runners.runScenario()'><b>runScenario</b><br>Test class: org.example.testRunner.runners<br>Test method: Runs Cucumber Scenarios<br>Parameters: "user click on second slider", "Slider| user could click on page sliders"</td>
<td><div><pre>org.openqa.selenium.ElementNotInteractableException: element not interactable
  (Session info: chrome=108.0.5359.73)
Build info: version: &apos;4.6.0&apos;, revision: &apos;79f1c02ae20&apos;
System info: os.name: &apos;Windows 10&apos;, os.arch: &apos;amd64&apos;, os.version: &apos;10.0&apos;, java.version: &apos;1.8.0_351&apos;
Driver info: org.openqa.selenium.chrome.ChromeDriver
Command: [de04e1ea7551b9bf7b526a4e0225d7ee, clickElement {id=3585dd47-7273-4371-9d8e-45aa4f096c43}]
Capabilities {acceptInsecureCerts: false, browserName: chrome, browserVersion: 108.0.5359.73, chrome: {chromedriverVersion: 108.0.5359.71 (1e0e3868ee06..., userDataDir: C:\Users\20115\AppData\Loca...}, goog:chromeOptions: {debuggerAddress: localhost:56166}, networkConnectionEnabled: false, pageLoadStrategy: normal, platformName: WINDOWS, proxy: Proxy(), se:cdp: ws://localhost:56166/devtoo..., se:cdpVersion: 108.0.5359.73, setWindowRect: true, strictFileInteractability: false, timeouts: {implicit: 0, pageLoad: 300000, script: 30000}, unhandledPromptBehavior: dismiss and notify, webauthn:extension:credBlob: true, webauthn:extension:largeBlob: true, webauthn:virtualAuthenticators: true}
Element: [[ChromeDriver: chrome on WINDOWS (de04e1ea7551b9bf7b526a4e0225d7ee)] -&gt; class name: nivo-imageLink]
Session ID: de04e1ea7551b9bf7b526a4e0225d7ee
	at org.openqa.selenium.remote.codec.w3c.W3CHttpResponseCodec.createException(W3CHttpResponseCodec.java:200)
	at org.openqa.selenium.remote.codec.w3c.W3CHttpResponseCodec.decode(W3CHttpResponseCodec.java:133)
	at org.openqa.selenium.remote.codec.w3c.W3CHttpResponseCodec.decode(W3CHttpResponseCodec.java:53)
	at org.openqa.selenium.remote.HttpCommandExecutor.execute(HttpCommandExecutor.java:184)
	at org.openqa.selenium.remote.service.DriverCommandExecutor.invokeExecute(DriverCommandExecutor.java:167)
	at org.openqa.selenium.remote.service.DriverCommandExecutor.execute(DriverCommandExecutor.java:142)
	at org.openqa.selenium.remote.RemoteWebDriver.execute(RemoteWebDriver.java:541)
	at org.openqa.selenium.remote.RemoteWebElement.execute(RemoteWebElement.java:257)
	at org.openqa.selenium.remote.RemoteWebElement.click(RemoteWebElement.java:78)
	at org.example.stepDefs.D06_homeSlidersStepDef.Second_Slider(D06_homeSlidersStepDef.java:37)
	at ?.User clicks on iphone slider(file:///C:/Users/20115/IdeaProjects/demonopcommerceA/src/main/resources/features/F06_homeSliders.feature:10)
... Removed 4 stack frames</pre></div><a href='#' onClick='toggleBox("stack-trace1104243907", this, "Click to show all stack frames", "Click to hide stack frames")'>Click to show all stack frames</a>
<div class='stack-trace' id='stack-trace1104243907'><pre>org.openqa.selenium.ElementNotInteractableException: element not interactable
  (Session info: chrome=108.0.5359.73)
Build info: version: &apos;4.6.0&apos;, revision: &apos;79f1c02ae20&apos;
System info: os.name: &apos;Windows 10&apos;, os.arch: &apos;amd64&apos;, os.version: &apos;10.0&apos;, java.version: &apos;1.8.0_351&apos;
Driver info: org.openqa.selenium.chrome.ChromeDriver
Command: [de04e1ea7551b9bf7b526a4e0225d7ee, clickElement {id=3585dd47-7273-4371-9d8e-45aa4f096c43}]
Capabilities {acceptInsecureCerts: false, browserName: chrome, browserVersion: 108.0.5359.73, chrome: {chromedriverVersion: 108.0.5359.71 (1e0e3868ee06..., userDataDir: C:\Users\20115\AppData\Loca...}, goog:chromeOptions: {debuggerAddress: localhost:56166}, networkConnectionEnabled: false, pageLoadStrategy: normal, platformName: WINDOWS, proxy: Proxy(), se:cdp: ws://localhost:56166/devtoo..., se:cdpVersion: 108.0.5359.73, setWindowRect: true, strictFileInteractability: false, timeouts: {implicit: 0, pageLoad: 300000, script: 30000}, unhandledPromptBehavior: dismiss and notify, webauthn:extension:credBlob: true, webauthn:extension:largeBlob: true, webauthn:virtualAuthenticators: true}
Element: [[ChromeDriver: chrome on WINDOWS (de04e1ea7551b9bf7b526a4e0225d7ee)] -&gt; class name: nivo-imageLink]
Session ID: de04e1ea7551b9bf7b526a4e0225d7ee
	at sun.reflect.NativeConstructorAccessorImpl.newInstance0(Native Method)
	at sun.reflect.NativeConstructorAccessorImpl.newInstance(NativeConstructorAccessorImpl.java:62)
	at sun.reflect.DelegatingConstructorAccessorImpl.newInstance(DelegatingConstructorAccessorImpl.java:45)
	at java.lang.reflect.Constructor.newInstance(Constructor.java:423)
	at org.openqa.selenium.remote.codec.w3c.W3CHttpResponseCodec.createException(W3CHttpResponseCodec.java:200)
	at org.openqa.selenium.remote.codec.w3c.W3CHttpResponseCodec.decode(W3CHttpResponseCodec.java:133)
	at org.openqa.selenium.remote.codec.w3c.W3CHttpResponseCodec.decode(W3CHttpResponseCodec.java:53)
	at org.openqa.selenium.remote.HttpCommandExecutor.execute(HttpCommandExecutor.java:184)
	at org.openqa.selenium.remote.service.DriverCommandExecutor.invokeExecute(DriverCommandExecutor.java:167)
	at org.openqa.selenium.remote.service.DriverCommandExecutor.execute(DriverCommandExecutor.java:142)
	at org.openqa.selenium.remote.RemoteWebDriver.execute(RemoteWebDriver.java:541)
	at org.openqa.selenium.remote.RemoteWebElement.execute(RemoteWebElement.java:257)
	at org.openqa.selenium.remote.RemoteWebElement.click(RemoteWebElement.java:78)
	at org.example.stepDefs.D06_homeSlidersStepDef.Second_Slider(D06_homeSlidersStepDef.java:37)
	at ?.User clicks on iphone slider(file:///C:/Users/20115/IdeaProjects/demonopcommerceA/src/main/resources/features/F06_homeSliders.feature:10)
</pre></div></td>
<td>27</td>
<td>org.example.testRunner.runners@36b4cef0</td></tr>
<tr>
<td title='org.example.testRunner.runners.runScenario()'><b>runScenario</b><br>Test class: org.example.testRunner.runners<br>Test method: Runs Cucumber Scenarios<br>Parameters: "user opens rss link", "F07_followUs |  users could open followUs links"</td>
<td><div><pre>org.openqa.selenium.TimeoutException: Expected condition failed: waiting for number of open windows to be 2 (tried for 10 second(s) with 500 milliseconds interval)
Build info: version: &apos;4.6.0&apos;, revision: &apos;79f1c02ae20&apos;
System info: os.name: &apos;Windows 10&apos;, os.arch: &apos;amd64&apos;, os.version: &apos;10.0&apos;, java.version: &apos;1.8.0_351&apos;
Driver info: org.openqa.selenium.chrome.ChromeDriver
Capabilities {acceptInsecureCerts: false, browserName: chrome, browserVersion: 108.0.5359.73, chrome: {chromedriverVersion: 108.0.5359.71 (1e0e3868ee06..., userDataDir: C:\Users\20115\AppData\Loca...}, goog:chromeOptions: {debuggerAddress: localhost:56275}, networkConnectionEnabled: false, pageLoadStrategy: normal, platformName: WINDOWS, proxy: Proxy(), se:cdp: ws://localhost:56275/devtoo..., se:cdpVersion: 108.0.5359.73, setWindowRect: true, strictFileInteractability: false, timeouts: {implicit: 0, pageLoad: 300000, script: 30000}, unhandledPromptBehavior: dismiss and notify, webauthn:extension:credBlob: true, webauthn:extension:largeBlob: true, webauthn:virtualAuthenticators: true}
Session ID: 46b0086991e49df0bb00c5de56c772d4
	at org.openqa.selenium.support.ui.WebDriverWait.timeoutException(WebDriverWait.java:87)
	at org.openqa.selenium.support.ui.FluentWait.until(FluentWait.java:231)
	at org.example.stepDefs.D07_followUsStepDef.rss(D07_followUsStepDef.java:51)
	at ?.user click on rss icon(file:///C:/Users/20115/IdeaProjects/demonopcommerceA/src/main/resources/features/F07_followUs.feature:14)
</pre></div><a href='#' onClick='toggleBox("stack-trace981231499", this, "Click to show all stack frames", "Click to hide stack frames")'>Click to show all stack frames</a>
<div class='stack-trace' id='stack-trace981231499'><pre>org.openqa.selenium.TimeoutException: Expected condition failed: waiting for number of open windows to be 2 (tried for 10 second(s) with 500 milliseconds interval)
Build info: version: &apos;4.6.0&apos;, revision: &apos;79f1c02ae20&apos;
System info: os.name: &apos;Windows 10&apos;, os.arch: &apos;amd64&apos;, os.version: &apos;10.0&apos;, java.version: &apos;1.8.0_351&apos;
Driver info: org.openqa.selenium.chrome.ChromeDriver
Capabilities {acceptInsecureCerts: false, browserName: chrome, browserVersion: 108.0.5359.73, chrome: {chromedriverVersion: 108.0.5359.71 (1e0e3868ee06..., userDataDir: C:\Users\20115\AppData\Loca...}, goog:chromeOptions: {debuggerAddress: localhost:56275}, networkConnectionEnabled: false, pageLoadStrategy: normal, platformName: WINDOWS, proxy: Proxy(), se:cdp: ws://localhost:56275/devtoo..., se:cdpVersion: 108.0.5359.73, setWindowRect: true, strictFileInteractability: false, timeouts: {implicit: 0, pageLoad: 300000, script: 30000}, unhandledPromptBehavior: dismiss and notify, webauthn:extension:credBlob: true, webauthn:extension:largeBlob: true, webauthn:virtualAuthenticators: true}
Session ID: 46b0086991e49df0bb00c5de56c772d4
	at org.openqa.selenium.support.ui.WebDriverWait.timeoutException(WebDriverWait.java:87)
	at org.openqa.selenium.support.ui.FluentWait.until(FluentWait.java:231)
	at org.example.stepDefs.D07_followUsStepDef.rss(D07_followUsStepDef.java:51)
	at ?.user click on rss icon(file:///C:/Users/20115/IdeaProjects/demonopcommerceA/src/main/resources/features/F07_followUs.feature:14)
</pre></div></td>
<td>21</td>
<td>org.example.testRunner.runners@36b4cef0</td></tr>
<tr>
<td title='org.example.testRunner.runners.runScenario()'><b>runScenario</b><br>Test class: org.example.testRunner.runners<br>Test method: Runs Cucumber Scenarios<br>Parameters: "user could click on page sliders", "Slider| user could click on page sliders"</td>
<td><div><pre>java.lang.AssertionError: The following asserts failed:
	error expected [https://demo.nopcommerce.com/nokia-lumia-1020] but found [https://demo.nopcommerce.com/]
	at org.example.stepDefs.D06_homeSlidersStepDef.Success(D06_homeSlidersStepDef.java:28)
	at ?.Nokia URL should be appeared(file:///C:/Users/20115/IdeaProjects/demonopcommerceA/src/main/resources/features/F06_homeSliders.feature:7)
... Removed 2 stack frames</pre></div><a href='#' onClick='toggleBox("stack-trace164052991", this, "Click to show all stack frames", "Click to hide stack frames")'>Click to show all stack frames</a>
<div class='stack-trace' id='stack-trace164052991'><pre>java.lang.AssertionError: The following asserts failed:
	error expected [https://demo.nopcommerce.com/nokia-lumia-1020] but found [https://demo.nopcommerce.com/]
	at org.testng.asserts.SoftAssert.assertAll(SoftAssert.java:46)
	at org.testng.asserts.SoftAssert.assertAll(SoftAssert.java:30)
	at org.example.stepDefs.D06_homeSlidersStepDef.Success(D06_homeSlidersStepDef.java:28)
	at ?.Nokia URL should be appeared(file:///C:/Users/20115/IdeaProjects/demonopcommerceA/src/main/resources/features/F06_homeSliders.feature:7)
</pre></div></td>
<td>30</td>
<td>org.example.testRunner.runners@36b4cef0</td></tr>
<tr>
<td title='org.example.testRunner.runners.runScenario()'><b>runScenario</b><br>Test class: org.example.testRunner.runners<br>Test method: Runs Cucumber Scenarios<br>Parameters: "Register with valid data", "F01_Register | users could register"</td>
<td><div><pre>org.openqa.selenium.NoSuchElementException: no such element: Unable to locate element: {&quot;method&quot;:&quot;css selector&quot;,&quot;selector&quot;:&quot;div[class=&quot;result&quot;]&quot;}
  (Session info: chrome=108.0.5359.73)
For documentation on this error, please visit: https://selenium.dev/exceptions/#no_such_element
Build info: version: &apos;4.6.0&apos;, revision: &apos;79f1c02ae20&apos;
System info: os.name: &apos;Windows 10&apos;, os.arch: &apos;amd64&apos;, os.version: &apos;10.0&apos;, java.version: &apos;1.8.0_351&apos;
Driver info: org.openqa.selenium.chrome.ChromeDriver
Command: [390b1d969668541e22d9ce21c02d9625, findElement {using=css selector, value=div[class=&quot;result&quot;]}]
Capabilities {acceptInsecureCerts: false, browserName: chrome, browserVersion: 108.0.5359.73, chrome: {chromedriverVersion: 108.0.5359.71 (1e0e3868ee06..., userDataDir: C:\Users\20115\AppData\Loca...}, goog:chromeOptions: {debuggerAddress: localhost:55790}, networkConnectionEnabled: false, pageLoadStrategy: normal, platformName: WINDOWS, proxy: Proxy(), se:cdp: ws://localhost:55790/devtoo..., se:cdpVersion: 108.0.5359.73, setWindowRect: true, strictFileInteractability: false, timeouts: {implicit: 0, pageLoad: 300000, script: 30000}, unhandledPromptBehavior: dismiss and notify, webauthn:extension:credBlob: true, webauthn:extension:largeBlob: true, webauthn:virtualAuthenticators: true}
Session ID: 390b1d969668541e22d9ce21c02d9625
	at org.openqa.selenium.remote.codec.w3c.W3CHttpResponseCodec.createException(W3CHttpResponseCodec.java:200)
	at org.openqa.selenium.remote.codec.w3c.W3CHttpResponseCodec.decode(W3CHttpResponseCodec.java:133)
	at org.openqa.selenium.remote.codec.w3c.W3CHttpResponseCodec.decode(W3CHttpResponseCodec.java:53)
	at org.openqa.selenium.remote.HttpCommandExecutor.execute(HttpCommandExecutor.java:184)
	at org.openqa.selenium.remote.service.DriverCommandExecutor.invokeExecute(DriverCommandExecutor.java:167)
	at org.openqa.selenium.remote.service.DriverCommandExecutor.execute(DriverCommandExecutor.java:142)
	at org.openqa.selenium.remote.RemoteWebDriver.execute(RemoteWebDriver.java:541)
	at org.openqa.selenium.remote.ElementLocation$ElementFinder$2.findElement(ElementLocation.java:162)
	at org.openqa.selenium.remote.ElementLocation.findElement(ElementLocation.java:60)
	at org.openqa.selenium.remote.RemoteWebDriver.findElement(RemoteWebDriver.java:365)
	at org.openqa.selenium.remote.RemoteWebDriver.findElement(RemoteWebDriver.java:357)
	at org.example.stepDefs.D01_registerStepDef.success_message_is_displayed(D01_registerStepDef.java:72)
	at ?.success message is displayed(file:///C:/Users/20115/IdeaProjects/demonopcommerceA/src/main/resources/features/F01_Register.feature:12)
... Removed 4 stack frames</pre></div><a href='#' onClick='toggleBox("stack-trace1124288521", this, "Click to show all stack frames", "Click to hide stack frames")'>Click to show all stack frames</a>
<div class='stack-trace' id='stack-trace1124288521'><pre>org.openqa.selenium.NoSuchElementException: no such element: Unable to locate element: {&quot;method&quot;:&quot;css selector&quot;,&quot;selector&quot;:&quot;div[class=&quot;result&quot;]&quot;}
  (Session info: chrome=108.0.5359.73)
For documentation on this error, please visit: https://selenium.dev/exceptions/#no_such_element
Build info: version: &apos;4.6.0&apos;, revision: &apos;79f1c02ae20&apos;
System info: os.name: &apos;Windows 10&apos;, os.arch: &apos;amd64&apos;, os.version: &apos;10.0&apos;, java.version: &apos;1.8.0_351&apos;
Driver info: org.openqa.selenium.chrome.ChromeDriver
Command: [390b1d969668541e22d9ce21c02d9625, findElement {using=css selector, value=div[class=&quot;result&quot;]}]
Capabilities {acceptInsecureCerts: false, browserName: chrome, browserVersion: 108.0.5359.73, chrome: {chromedriverVersion: 108.0.5359.71 (1e0e3868ee06..., userDataDir: C:\Users\20115\AppData\Loca...}, goog:chromeOptions: {debuggerAddress: localhost:55790}, networkConnectionEnabled: false, pageLoadStrategy: normal, platformName: WINDOWS, proxy: Proxy(), se:cdp: ws://localhost:55790/devtoo..., se:cdpVersion: 108.0.5359.73, setWindowRect: true, strictFileInteractability: false, timeouts: {implicit: 0, pageLoad: 300000, script: 30000}, unhandledPromptBehavior: dismiss and notify, webauthn:extension:credBlob: true, webauthn:extension:largeBlob: true, webauthn:virtualAuthenticators: true}
Session ID: 390b1d969668541e22d9ce21c02d9625
	at sun.reflect.NativeConstructorAccessorImpl.newInstance0(Native Method)
	at sun.reflect.NativeConstructorAccessorImpl.newInstance(NativeConstructorAccessorImpl.java:62)
	at sun.reflect.DelegatingConstructorAccessorImpl.newInstance(DelegatingConstructorAccessorImpl.java:45)
	at java.lang.reflect.Constructor.newInstance(Constructor.java:423)
	at org.openqa.selenium.remote.codec.w3c.W3CHttpResponseCodec.createException(W3CHttpResponseCodec.java:200)
	at org.openqa.selenium.remote.codec.w3c.W3CHttpResponseCodec.decode(W3CHttpResponseCodec.java:133)
	at org.openqa.selenium.remote.codec.w3c.W3CHttpResponseCodec.decode(W3CHttpResponseCodec.java:53)
	at org.openqa.selenium.remote.HttpCommandExecutor.execute(HttpCommandExecutor.java:184)
	at org.openqa.selenium.remote.service.DriverCommandExecutor.invokeExecute(DriverCommandExecutor.java:167)
	at org.openqa.selenium.remote.service.DriverCommandExecutor.execute(DriverCommandExecutor.java:142)
	at org.openqa.selenium.remote.RemoteWebDriver.execute(RemoteWebDriver.java:541)
	at org.openqa.selenium.remote.ElementLocation$ElementFinder$2.findElement(ElementLocation.java:162)
	at org.openqa.selenium.remote.ElementLocation.findElement(ElementLocation.java:60)
	at org.openqa.selenium.remote.RemoteWebDriver.findElement(RemoteWebDriver.java:365)
	at org.openqa.selenium.remote.RemoteWebDriver.findElement(RemoteWebDriver.java:357)
	at org.example.stepDefs.D01_registerStepDef.success_message_is_displayed(D01_registerStepDef.java:72)
	at ?.success message is displayed(file:///C:/Users/20115/IdeaProjects/demonopcommerceA/src/main/resources/features/F01_Register.feature:12)
</pre></div></td>
<td>87</td>
<td>org.example.testRunner.runners@36b4cef0</td></tr>
<tr>
<td title='org.example.testRunner.runners.runScenario()'><b>runScenario</b><br>Test class: org.example.testRunner.runners<br>Test method: Runs Cucumber Scenarios<br>Parameters: "User Click on Sub-element", "User want to click on sub-element"</td>
<td><div><pre>java.lang.IndexOutOfBoundsException: Index: 0, Size: 0
	at java.util.ArrayList.rangeCheck(ArrayList.java:659)
	at java.util.ArrayList.get(ArrayList.java:435)
	at org.example.stepDefs.D05_hoverCategoriesStepDef.hover_Test(D05_hoverCategoriesStepDef.java:19)
	at ?.User click on Parent and select sub(file:///C:/Users/20115/IdeaProjects/demonopcommerceA/src/main/resources/features/F05_hoverCategories.feature:5)
</pre></div><a href='#' onClick='toggleBox("stack-trace1857852787", this, "Click to show all stack frames", "Click to hide stack frames")'>Click to show all stack frames</a>
<div class='stack-trace' id='stack-trace1857852787'><pre>java.lang.IndexOutOfBoundsException: Index: 0, Size: 0
	at java.util.ArrayList.rangeCheck(ArrayList.java:659)
	at java.util.ArrayList.get(ArrayList.java:435)
	at org.example.stepDefs.D05_hoverCategoriesStepDef.hover_Test(D05_hoverCategoriesStepDef.java:19)
	at ?.User click on Parent and select sub(file:///C:/Users/20115/IdeaProjects/demonopcommerceA/src/main/resources/features/F05_hoverCategories.feature:5)
</pre></div></td>
<td>50</td>
<td>org.example.testRunner.runners@36b4cef0</td></tr>
</table><p>
<table width='100%' border='1' class='invocation-passed'>
<tr><td colspan='4' align='center'><b>PASSED TESTS</b></td></tr>
<tr><td><b>Test method</b></td>
<td width="30%"><b>Exception</b></td>
<td width="10%"><b>Time (seconds)</b></td>
<td><b>Instance</b></td>
</tr>
<tr>
<td title='org.example.testRunner.runners.runScenario()'><b>runScenario</b><br>Test class: org.example.testRunner.runners<br>Test method: Runs Cucumber Scenarios<br>Parameters: "user opens twitter link", "F07_followUs |  users could open followUs links"</td>
<td></td>
<td>15</td>
<td>org.example.testRunner.runners@36b4cef0</td></tr>
<tr>
<td title='org.example.testRunner.runners.runScenario()'><b>runScenario</b><br>Test class: org.example.testRunner.runners<br>Test method: Runs Cucumber Scenarios<br>Parameters: "user could select euro currency", "F03_Currency | users could change the currency"</td>
<td></td>
<td>18</td>
<td>org.example.testRunner.runners@36b4cef0</td></tr>
<tr>
<td title='org.example.testRunner.runners.runScenario()'><b>runScenario</b><br>Test class: org.example.testRunner.runners<br>Test method: Runs Cucumber Scenarios<br>Parameters: "user opens youtube link", "F07_followUs |  users could open followUs links"</td>
<td></td>
<td>23</td>
<td>org.example.testRunner.runners@36b4cef0</td></tr>
<tr>
<td title='org.example.testRunner.runners.runScenario()'><b>runScenario</b><br>Test class: org.example.testRunner.runners<br>Test method: Runs Cucumber Scenarios<br>Parameters: "Logged user could search using product name", "F04_Search | users will be able to search for products with different parameters"</td>
<td></td>
<td>41</td>
<td>org.example.testRunner.runners@36b4cef0</td></tr>
<tr>
<td title='org.example.testRunner.runners.runScenario()'><b>runScenario</b><br>Test class: org.example.testRunner.runners<br>Test method: Runs Cucumber Scenarios<br>Parameters: "user opens facebook link", "F07_followUs |  users could open followUs links"</td>
<td></td>
<td>13</td>
<td>org.example.testRunner.runners@36b4cef0</td></tr>
<tr>
<td title='org.example.testRunner.runners.runScenario()'><b>runScenario</b><br>Test class: org.example.testRunner.runners<br>Test method: Runs Cucumber Scenarios<br>Parameters: "user login with invalid username and password", "F02_Login | users could login"</td>
<td></td>
<td>16</td>
<td>org.example.testRunner.runners@36b4cef0</td></tr>
<tr>
<td title='org.example.testRunner.runners.runScenario()'><b>runScenario</b><br>Test class: org.example.testRunner.runners<br>Test method: Runs Cucumber Scenarios<br>Parameters: "Logged user could search using product name", "F04_Search | users will be able to search for products with different parameters"</td>
<td></td>
<td>38</td>
<td>org.example.testRunner.runners@36b4cef0</td></tr>
<tr>
<td title='org.example.testRunner.runners.runScenario()'><b>runScenario</b><br>Test class: org.example.testRunner.runners<br>Test method: Runs Cucumber Scenarios<br>Parameters: "Logged user could search using product name", "F04_Search | users will be able to search for products with different parameters"</td>
<td></td>
<td>45</td>
<td>org.example.testRunner.runners@36b4cef0</td></tr>
<tr>
<td title='org.example.testRunner.runners.runScenario()'><b>runScenario</b><br>Test class: org.example.testRunner.runners<br>Test method: Runs Cucumber Scenarios<br>Parameters: "Add product to wishlist", "WishList| user could add products to the wishlist"</td>
<td></td>
<td>23</td>
<td>org.example.testRunner.runners@36b4cef0</td></tr>
<tr>
<td title='org.example.testRunner.runners.runScenario()'><b>runScenario</b><br>Test class: org.example.testRunner.runners<br>Test method: Runs Cucumber Scenarios<br>Parameters: "User need to search with sku", "F04_Search | users will be able to search for products with different parameters"</td>
<td></td>
<td>27</td>
<td>org.example.testRunner.runners@36b4cef0</td></tr>
<tr>
<td title='org.example.testRunner.runners.runScenario()'><b>runScenario</b><br>Test class: org.example.testRunner.runners<br>Test method: Runs Cucumber Scenarios<br>Parameters: "user could login with valid data", "F02_Login | users could login"</td>
<td></td>
<td>27</td>
<td>org.example.testRunner.runners@36b4cef0</td></tr>
</table><p>
</body>
</html>