<?xml version="1.0" encoding="UTF-8" standalone="no"?>
<testsuite errors="0" failures="16" name="io.cucumber.core.plugin.JUnitFormatter" skipped="0" tests="18" time="317.81">
<testcase classname="F01_Register | users could register" name="Register with valid data" time="9.878">
<failure message="The path to the driver executable The path to the driver executable must be set by the webdriver.chrome.driver system property; for more information, see https://chromedriver.chromium.org/. The latest version can be downloaded from https://chromedriver.chromium.org/downloads" type="java.lang.IllegalStateException"><![CDATA[Given user navigate to home page............................................skipped
When user clicks register...................................................skipped
And user selects "female" "bebo" as firstname and "tester" as lastname......skipped
And user fills gender"female" fname"Bebo" lname"Tarek" day"1" month"6" year"1999" email"test1999@gmail.com" valid data.skipped
And user fills valid password "p@ssw0rd" confirm "p@ssw0rd".................skipped
And user clicks register button.............................................skipped
Then success message is displayed...........................................skipped

StackTrace:
java.lang.IllegalStateException: The path to the driver executable The path to the driver executable must be set by the webdriver.chrome.driver system property; for more information, see https://chromedriver.chromium.org/. The latest version can be downloaded from https://chromedriver.chromium.org/downloads
	at org.openqa.selenium.internal.Require$StateChecker.nonNull(Require.java:314)
	at org.openqa.selenium.remote.service.DriverService.findExecutable(DriverService.java:148)
	at org.openqa.selenium.chrome.ChromeDriverService.access$000(ChromeDriverService.java:39)
	at org.openqa.selenium.chrome.ChromeDriverService$Builder.findDefaultExecutable(ChromeDriverService.java:233)
	at org.openqa.selenium.remote.service.DriverService$Builder.build(DriverService.java:450)
	at org.openqa.selenium.chrome.ChromeDriverService.createDefaultService(ChromeDriverService.java:128)
	at org.openqa.selenium.chrome.ChromeDriver.<init>(ChromeDriver.java:49)
	at org.example.stepDefs.Hooks.openBrowser(Hooks.java:18)
]]></failure>
</testcase>
<testcase classname="F02_Login | users could login" name="user could login with valid data" time="58.298">
<failure message="no such element: Unable to locate element: {&quot;method&quot;:&quot;css selector&quot;,&quot;selector&quot;:&quot;a[href=&quot;/customer/info&quot;][class=&quot;ico-account&quot;]&quot;}&#10;  (Session info: chrome=108.0.5359.71)&#10;For documentation on this error, please visit: https://selenium.dev/exceptions/#no_such_element&#10;Build info: version: '4.6.0', revision: '79f1c02ae20'&#10;System info: os.name: 'Windows 10', os.arch: 'amd64', os.version: '10.0', java.version: '1.8.0_351'&#10;Driver info: org.openqa.selenium.chrome.ChromeDriver&#10;Command: [ee20ed8a46b6b6b14814bf65aa3a87e7, findElement {using=css selector, value=a[href=&quot;/customer/info&quot;][class=&quot;ico-account&quot;]}]&#10;Capabilities {acceptInsecureCerts: false, browserName: chrome, browserVersion: 108.0.5359.71, chrome: {chromedriverVersion: 108.0.5359.71 (1e0e3868ee06..., userDataDir: C:\Users\20115\AppData\Loca...}, goog:chromeOptions: {debuggerAddress: localhost:57772}, networkConnectionEnabled: false, pageLoadStrategy: normal, platformName: WINDOWS, proxy: Proxy(), se:cdp: ws://localhost:57772/devtoo..., se:cdpVersion: 108.0.5359.71, setWindowRect: true, strictFileInteractability: false, timeouts: {implicit: 0, pageLoad: 300000, script: 30000}, unhandledPromptBehavior: dismiss and notify, webauthn:extension:credBlob: true, webauthn:extension:largeBlob: true, webauthn:virtualAuthenticators: true}&#10;Session ID: ee20ed8a46b6b6b14814bf65aa3a87e7" type="org.openqa.selenium.NoSuchElementException"><![CDATA[Given user navigates to Home page...........................................passed
And user clicks on login button.............................................passed
When user enter valid "test1999@gmail.com" and valid "p@ssw0rd".............passed
And user clicks login button................................................passed
Then user logged in successfully............................................failed

StackTrace:
org.openqa.selenium.NoSuchElementException: no such element: Unable to locate element: {"method":"css selector","selector":"a[href="/customer/info"][class="ico-account"]"}
  (Session info: chrome=108.0.5359.71)
For documentation on this error, please visit: https://selenium.dev/exceptions/#no_such_element
Build info: version: '4.6.0', revision: '79f1c02ae20'
System info: os.name: 'Windows 10', os.arch: 'amd64', os.version: '10.0', java.version: '1.8.0_351'
Driver info: org.openqa.selenium.chrome.ChromeDriver
Command: [ee20ed8a46b6b6b14814bf65aa3a87e7, findElement {using=css selector, value=a[href="/customer/info"][class="ico-account"]}]
Capabilities {acceptInsecureCerts: false, browserName: chrome, browserVersion: 108.0.5359.71, chrome: {chromedriverVersion: 108.0.5359.71 (1e0e3868ee06..., userDataDir: C:\Users\20115\AppData\Loca...}, goog:chromeOptions: {debuggerAddress: localhost:57772}, networkConnectionEnabled: false, pageLoadStrategy: normal, platformName: WINDOWS, proxy: Proxy(), se:cdp: ws://localhost:57772/devtoo..., se:cdpVersion: 108.0.5359.71, setWindowRect: true, strictFileInteractability: false, timeouts: {implicit: 0, pageLoad: 300000, script: 30000}, unhandledPromptBehavior: dismiss and notify, webauthn:extension:credBlob: true, webauthn:extension:largeBlob: true, webauthn:virtualAuthenticators: true}
Session ID: ee20ed8a46b6b6b14814bf65aa3a87e7
	at sun.reflect.NativeConstructorAccessorImpl.newInstance0(Native Method)
	at sun.reflect.NativeConstructorAccessorImpl.newInstance(NativeConstructorAccessorImpl.java:62)
	at sun.reflect.DelegatingConstructorAccessorImpl.newInstance(DelegatingConstructorAccessorImpl.java:45)
	at java.lang.reflect.Constructor.newInstance(Constructor.java:423)
	at org.openqa.selenium.remote.codec.w3c.W3CHttpResponseCodec.createException(W3CHttpResponseCodec.java:200)
	at org.openqa.selenium.remote.codec.w3c.W3CHttpResponseCodec.decode(W3CHttpResponseCodec.java:133)
	at org.openqa.selenium.remote.codec.w3c.W3CHttpResponseCodec.decode(W3CHttpResponseCodec.java:53)
	at org.openqa.selenium.remote.HttpCommandExecutor.execute(HttpCommandExecutor.java:184)
	at org.openqa.selenium.remote.service.DriverCommandExecutor.invokeExecute(DriverCommandExecutor.java:167)
	at org.openqa.selenium.remote.service.DriverCommandExecutor.execute(DriverCommandExecutor.java:142)
	at org.openqa.selenium.remote.RemoteWebDriver.execute(RemoteWebDriver.java:541)
	at org.openqa.selenium.remote.ElementLocation$ElementFinder$2.findElement(ElementLocation.java:162)
	at org.openqa.selenium.remote.ElementLocation.findElement(ElementLocation.java:60)
	at org.openqa.selenium.remote.RemoteWebDriver.findElement(RemoteWebDriver.java:365)
	at org.openqa.selenium.remote.RemoteWebDriver.findElement(RemoteWebDriver.java:357)
	at org.example.stepDefs.D02_loginStepDef.user_logged_in_successfully(D02_loginStepDef.java:47)
	at âœ½.user logged in successfully(file:///C:/Users/20115/IdeaProjects/demonopcommerceA/src/main/resources/features/F02_Login.feature:10)
]]></failure>
</testcase>
<testcase classname="F02_Login | users could login" name="user login with invalid username and password" time="25.1">
<system-out><![CDATA[Given user navigates to Home page...........................................passed
And user clicks on login button.............................................passed
When user enter valid "test11@ail.com" and valid "613p@"....................passed
And user clicks login button................................................passed
Then user could not login...................................................passed
]]></system-out>
</testcase>
<testcase classname="F03_Currency | testing currency" name="user could select euro currency" time="12.444">
<failure message="The scenario has pending or undefined step(s)" type="java.lang.Exception"><![CDATA[Given user navigate to Home page............................................undefined
And user click on login.....................................................skipped
When user enter valid "test1999@gmail.com" and valid "p@ssw0rd".............skipped
And user clicks login button................................................skipped
Then user logged in successfully............................................skipped
When user select euro option................................................skipped
Then euro symbol is displayed on all products...............................skipped
When user choose USD from dropdown menu.....................................skipped
Then usd is selected successfully...........................................skipped
]]></failure>
</testcase>
<testcase classname="F04_Search | users will be able to search for products with different parameters" name="Logged user could search using product name" time="13.187">
<failure message="The scenario has pending or undefined step(s)" type="java.lang.Exception"><![CDATA[Given user navigate to Home page............................................undefined
And user click on login.....................................................skipped
When user enter valid "test1999@gmail.com" and valid "p@ssw0rd".............skipped
And user clicks login button................................................skipped
Then user logged in successfully............................................skipped
When user click on search field.............................................skipped
And user enter "book" to search.............................................skipped
Then user find the product and relative products............................skipped
]]></failure>
</testcase>
<testcase classname="F04_Search | users will be able to search for products with different parameters" name="Logged user could search using product name 2" time="12.172">
<failure message="The scenario has pending or undefined step(s)" type="java.lang.Exception"><![CDATA[Given user navigate to Home page............................................undefined
And user click on login.....................................................skipped
When user enter valid "test1999@gmail.com" and valid "p@ssw0rd".............skipped
And user clicks login button................................................skipped
Then user logged in successfully............................................skipped
When user click on search field.............................................skipped
And user enter "laptop" to search...........................................skipped
Then user find the product and relative products............................skipped
]]></failure>
</testcase>
<testcase classname="F04_Search | users will be able to search for products with different parameters" name="Logged user could search using product name 3" time="11.1">
<failure message="The scenario has pending or undefined step(s)" type="java.lang.Exception"><![CDATA[Given user navigate to Home page............................................undefined
And user click on login.....................................................skipped
When user enter valid "test1999@gmail.com" and valid "p@ssw0rd".............skipped
And user clicks login button................................................skipped
Then user logged in successfully............................................skipped
When user click on search field.............................................skipped
And user enter "nike" to search.............................................skipped
Then user find the product and relative products............................skipped
]]></failure>
</testcase>
<testcase classname="F04_Search | users will be able to search for products with different parameters" name="Logged user could search for product using sku" time="12.501">
<failure message="The scenario has pending or undefined step(s)" type="java.lang.Exception"><![CDATA[Given user navigate to Home page............................................undefined
And user click on login.....................................................skipped
When user enter valid "test1999@gmail.com" and valid "p@ssw0rd".............skipped
And user clicks login button................................................skipped
Then user logged in successfully............................................skipped
When user click on search field.............................................skipped
And user enter "SCI_FAITH" to search........................................skipped
Then user find "SCI_FAITH" product..........................................skipped
]]></failure>
</testcase>
<testcase classname="F04_Search | users will be able to search for products with different parameters" name="Logged user could search for product using sku 2" time="10.258">
<failure message="The scenario has pending or undefined step(s)" type="java.lang.Exception"><![CDATA[Given user navigate to Home page............................................undefined
And user click on login.....................................................skipped
When user enter valid "test1999@gmail.com" and valid "p@ssw0rd".............skipped
And user clicks login button................................................skipped
Then user logged in successfully............................................skipped
When user click on search field.............................................skipped
And user enter "APPLE_CAM" to search........................................skipped
Then user find "APPLE_CAM" product..........................................skipped
]]></failure>
</testcase>
<testcase classname="F04_Search | users will be able to search for products with different parameters" name="Logged user could search for product using sku 3" time="13.88">
<failure message="The scenario has pending or undefined step(s)" type="java.lang.Exception"><![CDATA[Given user navigate to Home page............................................undefined
And user click on login.....................................................skipped
When user enter valid "test1999@gmail.com" and valid "p@ssw0rd".............skipped
And user clicks login button................................................skipped
Then user logged in successfully............................................skipped
When user click on search field.............................................skipped
And user enter "SF_PRO_11" to search........................................skipped
Then user find "SF_PRO_11" product..........................................skipped
]]></failure>
</testcase>
<testcase classname="Slider| user could click on page sliders" name="user could click on page sliders" time="10.923">
<failure message="The scenario has pending or undefined step(s)" type="java.lang.Exception"><![CDATA[Given user navigate to Home page............................................undefined
And user click on login.....................................................skipped
When user enter valid "test1999@gmail.com" and valid "p@ssw0rd".............skipped
And user clicks login button................................................skipped
Then user logged in successfully............................................skipped
When user click on buton_one and click on slider_one........................skipped
And should navigated to the slider_product_one page.........................skipped
When user click on buton_two and click on slider_two........................skipped
And should navigated to the slider_product_two page.........................skipped
]]></failure>
</testcase>
<testcase classname="F07_followUs |  users could open followUs links" name="user opens facebook link" time="11.817">
<failure message="The scenario has pending or undefined step(s)" type="java.lang.Exception"><![CDATA[Given user navigate to Home page............................................undefined
And user click on login.....................................................skipped
When user enter valid "test1999@gmail.com" and valid "p@ssw0rd".............skipped
And user clicks login button................................................skipped
Then user logged in successfully............................................skipped
When user click on facebook.................................................skipped
Then navigated to facebook "https://www.facebook.com/nopCommerce"...........skipped
]]></failure>
</testcase>
<testcase classname="F07_followUs |  users could open followUs links" name="user opens twitter link" time="10.521">
<failure message="The scenario has pending or undefined step(s)" type="java.lang.Exception"><![CDATA[Given user navigate to Home page............................................undefined
And user click on login.....................................................skipped
When user enter valid "test1999@gmail.com" and valid "p@ssw0rd".............skipped
And user clicks login button................................................skipped
Then user logged in successfully............................................skipped
When user click on twitter icon.............................................skipped
Then navigated to twitter "https://twitter.com/nopCommerce".................skipped
]]></failure>
</testcase>
<testcase classname="F07_followUs |  users could open followUs links" name="user opens rss link" time="11.499">
<failure message="The scenario has pending or undefined step(s)" type="java.lang.Exception"><![CDATA[Given user navigate to Home page............................................undefined
And user click on login.....................................................skipped
When user enter valid "test1999@gmail.com" and valid "p@ssw0rd".............skipped
And user clicks login button................................................skipped
Then user logged in successfully............................................skipped
When user click on rss icon.................................................skipped
Then navigated to rss "https://demo.nopcommerce.com/nopcommerce-new-release".skipped
]]></failure>
</testcase>
<testcase classname="F07_followUs |  users could open followUs links" name="ouser opens youtube link" time="11.013">
<failure message="The scenario has pending or undefined step(s)" type="java.lang.Exception"><![CDATA[Given user navigate to Home page............................................undefined
And user click on login.....................................................skipped
When user enter valid "test1999@gmail.com" and valid "p@ssw0rd".............skipped
And user clicks login button................................................skipped
Then user logged in successfully............................................skipped
When user click on youtube icon.............................................skipped
Then navigated to youtube "https://www.youtube.com/user/nopCommerce"........skipped
]]></failure>
</testcase>
<testcase classname="Shopping Cart | user could add products to Shopping Cart" name="user could add products to the Cart" time="44.958">
<system-out><![CDATA[Given user go to home page..................................................passed
When user add HTC_M8Android to the cart.....................................passed
And user click add_to_cart button_1.........................................passed
Then success message appears_1..............................................passed
When user add Apple_MacBook to the cart.....................................passed
And user click add_to_cart button_2.........................................passed
Then success message appears_2..............................................passed
When user add gift card to the cart.........................................passed
And user fills the mandatory fields.........................................passed
And user click add_to_cart button_3.........................................passed
Then success message appears_3..............................................passed
]]></system-out>
</testcase>
<testcase classname="Shopping Cart | user could add products to Shopping Cart" name="user could add products to the Cart 2" time="25.104">
<failure message="The scenario has pending or undefined step(s)" type="java.lang.Exception"><![CDATA[Given user go to home page..................................................passed
When user add HTC_M8Android to the cart.....................................passed
And user click add_to_cart button_1.........................................passed
Then success message appears_1..............................................passed
When user add nokia_lumia_1020 to the cart..................................undefined
And user click add_to_cart button_2.........................................skipped
Then success message appears_2..............................................skipped
When user add gift card to the cart.........................................skipped
And user fills the mandatory fields.........................................skipped
And user click add_to_cart button_3.........................................skipped
Then success message appears_3..............................................skipped
]]></failure>
</testcase>
<testcase classname="WishList| user could add products to the wishlist" name="user could add products to wishlist" time="11.523">
<failure message="The scenario has pending or undefined step(s)" type="java.lang.Exception"><![CDATA[Given user navigate to Home page............................................undefined
And user click on login.....................................................skipped
When user enter valid "test1999@gmail.com" and valid "p@ssw0rd".............skipped
And user clicks login button................................................skipped
Then user logged in successfully............................................skipped
When click on HTC_One_M8_Android............................................skipped
And add HTC_One_M8_Android to wishlist......................................skipped
Then success message appears__1.............................................skipped
When click on Portable_Sound_Speakers.......................................skipped
And add Portable_Sound_Speakers to wishlist.................................skipped
Then success message appears__2.............................................skipped
When go to digital_downloads................................................skipped
And click on Science_and_Faith..............................................skipped
And fill mandatory field....................................................skipped
And click on add_to_wishlist................................................skipped
Then success message appears__3.............................................skipped
]]></failure>
</testcase>
</testsuite>
